[14:11:08] [main/INFO]: Setting user: Player586
[14:11:10] [Client thread/INFO]: LWJGL Version: 2.9.1
[14:11:19] [Client thread/INFO]: Reloading ResourceManager: Default, FMLFileResourcePack:Forge Mod Loader, FMLFileResourcePack:Minecraft Forge, FMLFileResourcePack:Modular Pipes, FMLFileResourcePack:BC Builders, FMLFileResourcePack:BC Transport, FMLFileResourcePack:BC Energy, FMLFileResourcePack:BC Silicon, FMLFileResourcePack:BC Robotics, FMLFileResourcePack:BuildCraft, FMLFileResourcePack:BC Factory, FMLFileResourcePack:EnderCore, FMLFileResourcePack:Ender IO
[14:11:23] [Sound Library Loader/INFO]: Sound engine started
[14:11:28] [Client thread/INFO]: Created: 1024x512 textures/blocks-atlas
[14:11:28] [Client thread/INFO]: Created: 512x512 textures/items-atlas
[14:11:30] [Client thread/INFO]: Reloading ResourceManager: Default, FMLFileResourcePack:Forge Mod Loader, FMLFileResourcePack:Minecraft Forge, FMLFileResourcePack:Modular Pipes, FMLFileResourcePack:BC Builders, FMLFileResourcePack:BC Transport, FMLFileResourcePack:BC Energy, FMLFileResourcePack:BC Silicon, FMLFileResourcePack:BC Robotics, FMLFileResourcePack:BuildCraft, FMLFileResourcePack:BC Factory, FMLFileResourcePack:EnderCore, FMLFileResourcePack:Ender IO
[14:11:31] [Client thread/INFO]: Created: 1024x512 textures/blocks-atlas
[14:11:31] [Client thread/INFO]: Created: 512x512 textures/items-atlas
[14:11:32] [Sound Library Loader/INFO]: Sound engine started
[14:11:35] [Client thread/INFO]: Deleting level New World
[14:11:35] [Client thread/INFO]: Attempt 1...
[14:11:38] [Server thread/INFO]: Starting integrated minecraft server version 1.7.10
[14:11:38] [Server thread/INFO]: Generating keypair
[14:11:38] [Server thread/INFO]: Converting map!
[14:11:38] [Server thread/INFO]: Scanning folders...
[14:11:38] [Server thread/INFO]: Total conversion count is 0
[14:11:38] [Server thread/INFO]: Preparing start region for level 0
[14:11:39] [Server thread/INFO]: Preparing spawn area: 5%
[14:11:40] [Server thread/INFO]: Preparing spawn area: 12%
[14:11:41] [Server thread/INFO]: Preparing spawn area: 23%
[14:11:42] [Server thread/INFO]: Preparing spawn area: 35%
[14:11:43] [Server thread/INFO]: Preparing spawn area: 51%
[14:11:44] [Server thread/INFO]: Preparing spawn area: 64%
[14:11:45] [Server thread/INFO]: Preparing spawn area: 80%
[14:11:46] [Server thread/INFO]: Preparing spawn area: 98%
[14:11:47] [Server thread/INFO]: Changing view distance to 4, from 10
[14:11:47] [Server thread/INFO]: Player586[local:E:aafc30ff] logged in with entity id 64 at (-127.5, 70.0, 129.5)
[14:11:47] [Server thread/INFO]: Player586 joined the game
[14:11:49] [Server thread/INFO]: Player586 has just earned the achievement [Taking Inventory]
[14:11:49] [Client thread/INFO]: [CHAT] Player586 has just earned the achievement [Taking Inventory]
[14:11:51] [Client thread/INFO]: Warning: Clientside chunk ticking took 116 ms
[14:11:54] [Client thread/INFO]: Warning: Clientside chunk ticking took 190 ms
[14:12:17] [Server thread/ERROR]: Encountered an unexpected exception
net.minecraft.util.ReportedException: Ticking block entity
	at net.minecraft.server.MinecraftServer.updateTimeLightAndEntities(MinecraftServer.java:709) ~[MinecraftServer.class:?]
	at net.minecraft.server.MinecraftServer.tick(MinecraftServer.java:614) ~[MinecraftServer.class:?]
	at net.minecraft.server.integrated.IntegratedServer.tick(IntegratedServer.java:118) ~[IntegratedServer.class:?]
	at net.minecraft.server.MinecraftServer.run(MinecraftServer.java:485) [MinecraftServer.class:?]
	at net.minecraft.server.MinecraftServer$2.run(MinecraftServer.java:752) [MinecraftServer$2.class:?]
Caused by: java.lang.ClassCastException: com.sythiex.modularpipes.transport.TileEntityPipe cannot be cast to net.minecraft.inventory.IInventory
	at com.sythiex.modularpipes.transport.TileEntityPipe.insertItem(TileEntityPipe.java:154) ~[TileEntityPipe.class:?]
	at com.sythiex.modularpipes.transport.TileEntityPipe.updateTravelingItems(TileEntityPipe.java:101) ~[TileEntityPipe.class:?]
	at com.sythiex.modularpipes.transport.TileEntityPipe.updateEntity(TileEntityPipe.java:48) ~[TileEntityPipe.class:?]
	at net.minecraft.world.World.updateEntities(World.java:2160) ~[World.class:?]
	at net.minecraft.world.WorldServer.updateEntities(WorldServer.java:515) ~[WorldServer.class:?]
	at net.minecraft.server.MinecraftServer.updateTimeLightAndEntities(MinecraftServer.java:703) ~[MinecraftServer.class:?]
	... 4 more
[14:12:17] [Server thread/ERROR]: This crash report has been saved to: C:\Users\Aaron\Desktop\minecraft modding\Modular_Pipes\eclipse\.\crash-reports\crash-2015-12-08_14.12.17-server.txt
[14:12:17] [Server thread/INFO]: Stopping server
[14:12:17] [Server thread/INFO]: Saving players
[14:12:18] [Server thread/INFO]: Saving worlds
[14:12:18] [Server thread/INFO]: Saving chunks for level 'New World'/Overworld
[14:12:18] [Server thread/INFO]: Saving chunks for level 'New World'/Nether
[14:12:18] [Server thread/INFO]: Saving chunks for level 'New World'/The End
